[16:08:59] [7264/DEBUG]: Began PyGame initialization...
[16:09:00] [7264/DEBUG]: Began initialized PyGame.
[16:09:00] [7264/DEBUG]: Making varibles.
[16:09:00] [7264/DEBUG]: Made varibles.
[16:09:14] [7264/CRITICAL]: User forced exit. Goodbye!
[16:09:37] [14464/DEBUG]: Began PyGame initialization...
[16:09:37] [14464/DEBUG]: Began initialized PyGame.
[16:09:37] [14464/DEBUG]: Making varibles.
[16:10:54] [16004/DEBUG]: Began PyGame initialization...
[16:10:54] [16004/DEBUG]: Began initialized PyGame.
[16:10:54] [16004/DEBUG]: Making varibles.
[16:10:55] [16004/DEBUG]: Made varibles.
[16:10:57] [16004/CRITICAL]: User forced exit. Goodbye!
[16:12:17] [18856/DEBUG]: Began PyGame initialization...
[16:12:17] [18856/DEBUG]: Began initialized PyGame.
[16:12:17] [18856/DEBUG]: Making varibles.
[16:12:17] [18856/DEBUG]: Made varibles.
[16:12:20] [18856/CRITICAL]: User forced exit. Goodbye!
[16:13:17] [11932/DEBUG]: Began PyGame initialization...
[16:13:18] [11932/DEBUG]: Began initialized PyGame.
[16:13:18] [11932/DEBUG]: Making varibles.
[16:13:18] [11932/DEBUG]: Made varibles.
[16:13:32] [11932/CRITICAL]: User forced exit. Goodbye!
[16:15:25] [8564/DEBUG]: Began PyGame initialization...
[16:15:25] [8564/DEBUG]: Began initialized PyGame.
[16:15:25] [8564/DEBUG]: Making varibles.
[16:15:25] [8564/DEBUG]: Made varibles.
[16:15:35] [8564/CRITICAL]: User forced exit. Goodbye!
[16:15:42] [12924/DEBUG]: Began PyGame initialization...
[16:15:42] [12924/DEBUG]: Began initialized PyGame.
[16:15:42] [12924/DEBUG]: Making varibles.
[16:15:42] [12924/DEBUG]: Made varibles.
[16:15:48] [12924/CRITICAL]: User forced exit. Goodbye!
